<?xml version="1.0" encoding="UTF-8" ?>
<testsuites>
  <testsuite errors="0" failures="0" hostname="Gibran.local" id="0" name="GrupoControllerIntegrationTests" package="general" tests="4" time="0.983" timestamp="2011-10-19T20:22:12">
      <properties />

      <testcase classname="general.GrupoControllerIntegrationTests" name="debieraMostrarListadeGrupos" time="0.718" />

      <testcase classname="general.GrupoControllerIntegrationTests" name="debieraCrearGrupo" time="0.138" />

      <testcase classname="general.GrupoControllerIntegrationTests" name="debieraActualizarGrupo" time="0.069" />

      <testcase classname="general.GrupoControllerIntegrationTests" name="debieraEliminarGrupo" time="0.033" />

      <system-out><![CDATA[--Output from debieraMostrarListadeGrupos--
--Output from debieraCrearGrupo--
--Output from debieraActualizarGrupo--
--Output from debieraEliminarGrupo--
]]></system-out>

      <system-err><![CDATA[--Output from debieraMostrarListadeGrupos--
--Output from debieraCrearGrupo--
--Output from debieraActualizarGrupo--
--Output from debieraEliminarGrupo--
]]></system-err>

  </testsuite>
  <testsuite errors="0" failures="0" hostname="Gibran.local" id="1" name="ProductoControllerIntegrationTests" package="general" tests="5" time="0.313" timestamp="2011-10-19T20:22:13">
      <properties />

      <testcase classname="general.ProductoControllerIntegrationTests" name="debieraMostrarListaDeProductos" time="0.193" />

      <testcase classname="general.ProductoControllerIntegrationTests" name="debieraCrearProducto" time="0.037" />

      <testcase classname="general.ProductoControllerIntegrationTests" name="debieraActualizarProducto" time="0.038" />

      <testcase classname="general.ProductoControllerIntegrationTests" name="debieraEliminarProducto" time="0.036" />

      <testcase classname="general.ProductoControllerIntegrationTests" name="debieraBuscarGrupo" time="0.0040" />

      <system-out><![CDATA[--Output from debieraMostrarListaDeProductos--
--Output from debieraCrearProducto--
--Output from debieraActualizarProducto--
--Output from debieraEliminarProducto--
--Output from debieraBuscarGrupo--
]]></system-out>

      <system-err><![CDATA[--Output from debieraMostrarListaDeProductos--
--Output from debieraCrearProducto--
--Output from debieraActualizarProducto--
--Output from debieraEliminarProducto--
--Output from debieraBuscarGrupo--
]]></system-err>

  </testsuite>
  <testsuite errors="0" failures="0" hostname="Gibran.local" id="2" name="ProveedorControllerIntegrationTests" package="general" tests="4" time="0.428" timestamp="2011-10-19T20:22:13">
      <properties />

      <testcase classname="general.ProveedorControllerIntegrationTests" name="debieraMostrarListaDeProveedores" time="0.287" />

      <testcase classname="general.ProveedorControllerIntegrationTests" name="debieraCrearProveedor" time="0.036" />

      <testcase classname="general.ProveedorControllerIntegrationTests" name="debieraActualizarProveedor" time="0.047" />

      <testcase classname="general.ProveedorControllerIntegrationTests" name="debieraEliminarProveedor" time="0.051" />

      <system-out><![CDATA[--Output from debieraMostrarListaDeProveedores--
--Output from debieraCrearProveedor--
--Output from debieraActualizarProveedor--
--Output from debieraEliminarProveedor--
]]></system-out>

      <system-err><![CDATA[--Output from debieraMostrarListaDeProveedores--
--Output from debieraCrearProveedor--
--Output from debieraActualizarProveedor--
--Output from debieraEliminarProveedor--
]]></system-err>

  </testsuite>
  <testsuite errors="0" failures="0" hostname="Gibran.local" id="3" name="UsuarioControllerIntegrationTests" package="general" tests="4" time="0.381" timestamp="2011-10-19T20:22:14">
      <properties />

      <testcase classname="general.UsuarioControllerIntegrationTests" name="debieraMostrarListadeUsuarios" time="0.308" />

      <testcase classname="general.UsuarioControllerIntegrationTests" name="debieraCrearUsuario" time="0.021" />

      <testcase classname="general.UsuarioControllerIntegrationTests" name="debieraActualizarUsuario" time="0.03" />

      <testcase classname="general.UsuarioControllerIntegrationTests" name="debieraEliminarUsuario" time="0.017" />

      <system-out><![CDATA[--Output from debieraMostrarListadeUsuarios--
--Output from debieraCrearUsuario--
--Output from debieraActualizarUsuario--
--Output from debieraEliminarUsuario--
]]></system-out>

      <system-err><![CDATA[--Output from debieraMostrarListadeUsuarios--
--Output from debieraCrearUsuario--
--Output from debieraActualizarUsuario--
--Output from debieraEliminarUsuario--
]]></system-err>

  </testsuite>
</testsuites>
